refreshing ui according to the cell status map
select game start options
Selected start options
Side north
Level 1
Starting game, with selected configuration...
Side:  north
Level:  1
.............................................
refreshing ui according to the cell status map
hashkey: 424344455354X838492939495
cache miss for 424344455354X838492939495
elapsed time: 0.028084
----------- Moving Path --------------
Moving path: (4, 2)
Moving path: (6, 4)
---------- Moving statistics ---------
(1, 59, 0, 0)
updating moving statistics...
Trying to move [0]: (4, 2) -> (6, 4)
Moving path: (4, 2) -> (6, 4)
refreshing ui according to the cell status map
hashkey: 434445535464X838492939495
cache miss for 434445535464X838492939495
elapsed time: 0.029158
----------- Moving Path --------------
Moving path: (9, 5)
Moving path: (7, 3)
Moving path: (5, 5)
Moving path: (3, 3)
---------- Moving statistics ---------
(1, 65, 0, 0)
updating moving statistics...
Trying to move [0]: (9, 5) -> (7, 3)
Moving path: (9, 5) -> (7, 3)
refreshing ui according to the cell status map
Trying to move [1]: (7, 3) -> (5, 5)
Moving path: (7, 3) -> (5, 5)
refreshing ui according to the cell status map
Trying to move [2]: (5, 5) -> (3, 3)
Moving path: (5, 5) -> (3, 3)
refreshing ui according to the cell status map
hashkey: 434553540000X338384929394
cache miss for 434553540000X338384929394
elapsed time: 0.014453
----------- Moving Path --------------
Moving path: (5, 4)
Moving path: (3, 2)
Moving path: (3, 4)
Moving path: (5, 6)
---------- Moving statistics ---------
(1, 38, 0, 0)
updating moving statistics...
Trying to move [0]: (5, 4) -> (3, 2)
Moving path: (5, 4) -> (3, 2)
refreshing ui according to the cell status map
Trying to move [1]: (3, 2) -> (3, 4)
Moving path: (3, 2) -> (3, 4)
refreshing ui according to the cell status map
Trying to move [2]: (3, 4) -> (5, 6)
Moving path: (3, 4) -> (5, 6)
refreshing ui according to the cell status map
hashkey: 434553560000X838492939400
cache miss for 434553560000X838492939400
elapsed time: 0.021151
----------- Moving Path --------------
Moving path: (9, 2)
Moving path: (7, 4)
---------- Moving statistics ---------
(1, 50, 0, 0)
updating moving statistics...
Trying to move [0]: (9, 2) -> (7, 4)
Moving path: (9, 2) -> (7, 4)
refreshing ui according to the cell status map
hashkey: 434553560000X748384939400
cache miss for 434553560000X748384939400
elapsed time: 0.014756
----------- Moving Path --------------
Moving path: (4, 3)
Moving path: (6, 3)
Moving path: (8, 5)
Moving path: (10, 3)
---------- Moving statistics ---------
(1, 38, 0, 0)
updating moving statistics...
Trying to move [0]: (4, 3) -> (6, 3)
Moving path: (4, 3) -> (6, 3)
refreshing ui according to the cell status map
Trying to move [1]: (6, 3) -> (8, 5)
Moving path: (6, 3) -> (8, 5)
refreshing ui according to the cell status map
Trying to move [2]: (8, 5) -> (10, 3)
Moving path: (8, 5) -> (10, 3)
refreshing ui according to the cell status map
hashkey: 455356a30000X838493000000
cache miss for 455356a30000X838493000000
elapsed time: 0.011623
----------- Moving Path --------------
Moving path: (9, 3)
Moving path: (11, 3)
---------- Moving statistics ---------
(1, 28, 0, 0)
updating moving statistics...
Trying to move [0]: (9, 3) -> (11, 3)
Moving path: (9, 3) -> (11, 3)
refreshing ui according to the cell status map
hashkey: 455356000000X8384b3000000
cache miss for 455356000000X8384b3000000
elapsed time: 0.010315
----------- Moving Path --------------
Moving path: (4, 5)
Moving path: (6, 7)
---------- Moving statistics ---------
(1, 25, 0, 0)
updating moving statistics...
Trying to move [0]: (4, 5) -> (6, 7)
Moving path: (4, 5) -> (6, 7)
refreshing ui according to the cell status map
hashkey: 535667000000X8384b3000000
cache miss for 535667000000X8384b3000000
elapsed time: 0.010202
----------- Moving Path --------------
Moving path: (8, 3)
Moving path: (7, 3)
---------- Moving statistics ---------
(1, 25, 0, 0)
updating moving statistics...
Trying to move [0]: (8, 3) -> (7, 3)
Moving path: (8, 3) -> (7, 3)
refreshing ui according to the cell status map
hashkey: 535667000000X7384b3000000
cache miss for 535667000000X7384b3000000
elapsed time: 0.012135
----------- Moving Path --------------
Moving path: (6, 7)
Moving path: (7, 6)
---------- Moving statistics ---------
(1, 21, 0, 0)
updating moving statistics...
Trying to move [0]: (6, 7) -> (7, 6)
Moving path: (6, 7) -> (7, 6)
refreshing ui according to the cell status map
hashkey: 535676000000X7384b3000000
cache miss for 535676000000X7384b3000000
elapsed time: 0.020338
----------- Moving Path --------------
Moving path: (8, 4)
Moving path: (6, 2)
Moving path: (4, 4)
---------- Moving statistics ---------
(1, 26, 0, 0)
updating moving statistics...
Trying to move [0]: (8, 4) -> (6, 2)
Moving path: (8, 4) -> (6, 2)
refreshing ui according to the cell status map
Trying to move [1]: (6, 2) -> (4, 4)
Moving path: (6, 2) -> (4, 4)
refreshing ui according to the cell status map
hashkey: 567600000000X4473b3000000
cache miss for 567600000000X4473b3000000
elapsed time: 0.006141
----------- Moving Path --------------
Moving path: (7, 6)
Moving path: (8, 5)
---------- Moving statistics ---------
(1, 17, 0, 0)
updating moving statistics...
Trying to move [0]: (7, 6) -> (8, 5)
Moving path: (7, 6) -> (8, 5)
refreshing ui according to the cell status map
hashkey: 568500000000X4473b3000000
cache miss for 568500000000X4473b3000000
elapsed time: 0.009501
----------- Moving Path --------------
Moving path: (4, 4)
Moving path: (3, 3)
---------- Moving statistics ---------
(1, 25, 0, 0)
updating moving statistics...
Trying to move [0]: (4, 4) -> (3, 3)
Moving path: (4, 4) -> (3, 3)
refreshing ui according to the cell status map
hashkey: 568500000000X3373b3000000
cache miss for 568500000000X3373b3000000
elapsed time: 0.008872
----------- Moving Path --------------
Moving path: (8, 5)
Moving path: (9, 4)
---------- Moving statistics ---------
(1, 17, 0, 0)
updating moving statistics...
Trying to move [0]: (8, 5) -> (9, 4)
Moving path: (8, 5) -> (9, 4)
refreshing ui according to the cell status map
hashkey: 569400000000X3373b3000000
cache miss for 569400000000X3373b3000000
elapsed time: 0.008371
----------- Moving Path --------------
Moving path: (3, 3)
Moving path: (2, 3)
---------- Moving statistics ---------
(1, 25, 0, 0)
updating moving statistics...
Trying to move [0]: (3, 3) -> (2, 3)
Moving path: (3, 3) -> (2, 3)
refreshing ui according to the cell status map
hashkey: 569400000000X2373b3000000
cache miss for 569400000000X2373b3000000
elapsed time: 0.006700
----------- Moving Path --------------
Moving path: (9, 4)
Moving path: (10, 5)
---------- Moving statistics ---------
(1, 17, 0, 0)
updating moving statistics...
Trying to move [0]: (9, 4) -> (10, 5)
Moving path: (9, 4) -> (10, 5)
refreshing ui according to the cell status map
hashkey: 56a500000000X2373b3000000
cache miss for 56a500000000X2373b3000000
elapsed time: 0.008437
----------- Moving Path --------------
Moving path: (2, 3)
Moving path: (1, 3)
---------- Moving statistics ---------
(1, 25, 0, 0)
updating moving statistics...
Trying to move [0]: (2, 3) -> (1, 3)
Moving path: (2, 3) -> (1, 3)
refreshing ui according to the cell status map
hashkey: 56a500000000X1373b3000000
cache miss for 56a500000000X1373b3000000
elapsed time: 0.005222
----------- Moving Path --------------
Moving path: (10, 5)
Moving path: (11, 5)
---------- Moving statistics ---------
(1, 17, 0, 0)
updating moving statistics...
Trying to move [0]: (10, 5) -> (11, 5)
Moving path: (10, 5) -> (11, 5)
refreshing ui according to the cell status map
hashkey: 56b500000000X1373b3000000
cache miss for 56b500000000X1373b3000000
elapsed time: 0.003288
----------- Moving Path --------------
Moving path: (1, 3)
Moving path: (0, 3)
---------- Moving statistics ---------
(1, 18, 0, 0)
updating moving statistics...
Trying to move [0]: (1, 3) -> (0, 3)
Moving path: (1, 3) -> (0, 3)
refreshing ui according to the cell status map
south wins the game!! Ending game!!!
